<?xml version="1.0" encoding="UTF-8"?>
<testng-results ignored="0" total="3" passed="0" failed="0" skipped="3">
  <reporter-output>
  </reporter-output>
  <suite started-at="2021-09-05T16:51:59 IST" name="Default suite" finished-at="2021-09-05T16:52:09 IST" duration-ms="10401">
    <groups>
      <group name="regressiontest">
        <method signature="CreateLeadfullTest.createLead3Test()[pri:0, instance:com.vtiger.comcast.leadtest.CreateLeadfullTest@6392827e]" name="createLead3Test" class="com.vtiger.comcast.leadtest.CreateLeadfullTest"/>
        <method signature="CreateLeadfullTest.createLeadwithInalid2Test()[pri:0, instance:com.vtiger.comcast.leadtest.CreateLeadfullTest@6392827e]" name="createLeadwithInalid2Test" class="com.vtiger.comcast.leadtest.CreateLeadfullTest"/>
      </group> <!-- regressiontest -->
      <group name="smoketest">
        <method signature="CreateLeadfullTest.createLead1Test()[pri:0, instance:com.vtiger.comcast.leadtest.CreateLeadfullTest@6392827e]" name="createLead1Test" class="com.vtiger.comcast.leadtest.CreateLeadfullTest"/>
      </group> <!-- smoketest -->
    </groups>
    <test started-at="2021-09-05T16:51:59 IST" name="Default test" finished-at="2021-09-05T16:52:09 IST" duration-ms="10401">
      <class name="com.vtiger.comcast.leadtest.CreateLeadfullTest">
        <test-method is-config="true" signature="configBS()[pri:0, instance:com.vtiger.comcast.leadtest.CreateLeadfullTest@6392827e]" started-at="2021-09-05T16:51:59 IST" name="configBS" finished-at="2021-09-05T16:51:59 IST" duration-ms="27" status="PASS">
          <reporter-output>
          </reporter-output>
        </test-method> <!-- configBS -->
        <test-method is-config="true" signature="configBC()[pri:0, instance:com.vtiger.comcast.leadtest.CreateLeadfullTest@6392827e]" started-at="2021-09-05T16:51:59 IST" name="configBC" finished-at="2021-09-05T16:52:09 IST" duration-ms="9945" status="FAIL">
          <exception class="org.openqa.selenium.SessionNotCreatedException">
            <message>
              <![CDATA[session not created: This version of ChromeDriver only supports Chrome version 91
Current browser version is 93.0.4577.63 with binary path C:\Program Files (x86)\Google\Chrome\Application\chrome.exe
Build info: version: '3.141.59', revision: 'e82be7d358', time: '2018-11-14T08:17:03'
System info: host: 'NIKHIL', ip: '192.168.153.1', os.name: 'Windows 8.1', os.arch: 'amd64', os.version: '6.3', java.version: '15.0.2'
Driver info: driver.version: ChromeDriver
remote stacktrace: Backtrace:
Ordinal0 [0x00FB3733+2504499]
Ordinal0 [0x00F4C401+2081793]
Ordinal0 [0x00E52628+1058344]
Ordinal0 [0x00E7071A+1181466]
Ordinal0 [0x00E6C58C+1164684]
Ordinal0 [0x00E69DC3+1154499]
Ordinal0 [0x00E99B82+1350530]
Ordinal0 [0x00E997DA+1349594]
Ordinal0 [0x00E95D4B+1334603]
Ordinal0 [0x00E722B4+1188532]
Ordinal0 [0x00E73149+1192265]
GetHandleVerifier [0x0112FB8C+1512252]
GetHandleVerifier [0x011DB0DF+2214031]
GetHandleVerifier [0x01034BC3+484211]
GetHandleVerifier [0x01033E69+480793]
Ordinal0 [0x00F5218D+2105741]
Ordinal0 [0x00F566E8+2123496]
Ordinal0 [0x00F56827+2123815]
Ordinal0 [0x00F5FB73+2161523]
BaseThreadInitThunk [0x75966A14+36]
RtlInitializeExceptionChain [0x7768A9EF+143]
RtlInitializeExceptionChain [0x7768A9BA+90]
]]>
            </message>
            <full-stacktrace>
              <![CDATA[org.openqa.selenium.SessionNotCreatedException: session not created: This version of ChromeDriver only supports Chrome version 91
Current browser version is 93.0.4577.63 with binary path C:\Program Files (x86)\Google\Chrome\Application\chrome.exe
Build info: version: '3.141.59', revision: 'e82be7d358', time: '2018-11-14T08:17:03'
System info: host: 'NIKHIL', ip: '192.168.153.1', os.name: 'Windows 8.1', os.arch: 'amd64', os.version: '6.3', java.version: '15.0.2'
Driver info: driver.version: ChromeDriver
remote stacktrace: Backtrace:
Ordinal0 [0x00FB3733+2504499]
Ordinal0 [0x00F4C401+2081793]
Ordinal0 [0x00E52628+1058344]
Ordinal0 [0x00E7071A+1181466]
Ordinal0 [0x00E6C58C+1164684]
Ordinal0 [0x00E69DC3+1154499]
Ordinal0 [0x00E99B82+1350530]
Ordinal0 [0x00E997DA+1349594]
Ordinal0 [0x00E95D4B+1334603]
Ordinal0 [0x00E722B4+1188532]
Ordinal0 [0x00E73149+1192265]
GetHandleVerifier [0x0112FB8C+1512252]
GetHandleVerifier [0x011DB0DF+2214031]
GetHandleVerifier [0x01034BC3+484211]
GetHandleVerifier [0x01033E69+480793]
Ordinal0 [0x00F5218D+2105741]
Ordinal0 [0x00F566E8+2123496]
Ordinal0 [0x00F56827+2123815]
Ordinal0 [0x00F5FB73+2161523]
BaseThreadInitThunk [0x75966A14+36]
RtlInitializeExceptionChain [0x7768A9EF+143]
RtlInitializeExceptionChain [0x7768A9BA+90]

at java.base/jdk.internal.reflect.NativeConstructorAccessorImpl.newInstance0(Native Method)
at java.base/jdk.internal.reflect.NativeConstructorAccessorImpl.newInstance(NativeConstructorAccessorImpl.java:64)
at java.base/jdk.internal.reflect.DelegatingConstructorAccessorImpl.newInstance(DelegatingConstructorAccessorImpl.java:45)
at java.base/java.lang.reflect.Constructor.newInstanceWithCaller(Constructor.java:500)
at java.base/java.lang.reflect.Constructor.newInstance(Constructor.java:481)
at org.openqa.selenium.remote.W3CHandshakeResponse.lambda$errorHandler$0(W3CHandshakeResponse.java:62)
at org.openqa.selenium.remote.HandshakeResponse.lambda$getResponseFunction$0(HandshakeResponse.java:30)
at org.openqa.selenium.remote.ProtocolHandshake.lambda$createSession$0(ProtocolHandshake.java:126)
at java.base/java.util.stream.ReferencePipeline$3$1.accept(ReferencePipeline.java:195)
at java.base/java.util.Spliterators$ArraySpliterator.tryAdvance(Spliterators.java:958)
at java.base/java.util.stream.ReferencePipeline.forEachWithCancel(ReferencePipeline.java:127)
at java.base/java.util.stream.AbstractPipeline.copyIntoWithCancel(AbstractPipeline.java:502)
at java.base/java.util.stream.AbstractPipeline.copyInto(AbstractPipeline.java:488)
at java.base/java.util.stream.AbstractPipeline.wrapAndCopyInto(AbstractPipeline.java:474)
at java.base/java.util.stream.FindOps$FindOp.evaluateSequential(FindOps.java:150)
at java.base/java.util.stream.AbstractPipeline.evaluate(AbstractPipeline.java:234)
at java.base/java.util.stream.ReferencePipeline.findFirst(ReferencePipeline.java:543)
at org.openqa.selenium.remote.ProtocolHandshake.createSession(ProtocolHandshake.java:128)
at org.openqa.selenium.remote.ProtocolHandshake.createSession(ProtocolHandshake.java:74)
at org.openqa.selenium.remote.HttpCommandExecutor.execute(HttpCommandExecutor.java:136)
at org.openqa.selenium.remote.service.DriverCommandExecutor.execute(DriverCommandExecutor.java:83)
at org.openqa.selenium.remote.RemoteWebDriver.execute(RemoteWebDriver.java:552)
at org.openqa.selenium.remote.RemoteWebDriver.startSession(RemoteWebDriver.java:213)
at org.openqa.selenium.remote.RemoteWebDriver.<init>(RemoteWebDriver.java:131)
at org.openqa.selenium.chrome.ChromeDriver.<init>(ChromeDriver.java:181)
at org.openqa.selenium.chrome.ChromeDriver.<init>(ChromeDriver.java:168)
at org.openqa.selenium.chrome.ChromeDriver.<init>(ChromeDriver.java:123)
at com.vtiger.comcast.genericUtility.BaseClass.configBC(BaseClass.java:69)
at java.base/jdk.internal.reflect.NativeMethodAccessorImpl.invoke0(Native Method)
at java.base/jdk.internal.reflect.NativeMethodAccessorImpl.invoke(NativeMethodAccessorImpl.java:64)
at java.base/jdk.internal.reflect.DelegatingMethodAccessorImpl.invoke(DelegatingMethodAccessorImpl.java:43)
at java.base/java.lang.reflect.Method.invoke(Method.java:564)
at org.testng.internal.MethodInvocationHelper.invokeMethod(MethodInvocationHelper.java:133)
at org.testng.internal.MethodInvocationHelper.invokeMethodConsideringTimeout(MethodInvocationHelper.java:62)
at org.testng.internal.ConfigInvoker.invokeConfigurationMethod(ConfigInvoker.java:385)
at org.testng.internal.ConfigInvoker.invokeConfigurations(ConfigInvoker.java:321)
at org.testng.internal.TestMethodWorker.invokeBeforeClassMethods(TestMethodWorker.java:176)
at org.testng.internal.TestMethodWorker.run(TestMethodWorker.java:122)
at java.base/java.util.ArrayList.forEach(ArrayList.java:1511)
at org.testng.TestRunner.privateRun(TestRunner.java:794)
at org.testng.TestRunner.run(TestRunner.java:596)
at org.testng.SuiteRunner.runTest(SuiteRunner.java:377)
at org.testng.SuiteRunner.runSequentially(SuiteRunner.java:371)
at org.testng.SuiteRunner.privateRun(SuiteRunner.java:332)
at org.testng.SuiteRunner.run(SuiteRunner.java:276)
at org.testng.SuiteRunnerWorker.runSuite(SuiteRunnerWorker.java:53)
at org.testng.SuiteRunnerWorker.run(SuiteRunnerWorker.java:96)
at org.testng.TestNG.runSuitesSequentially(TestNG.java:1212)
at org.testng.TestNG.runSuitesLocally(TestNG.java:1134)
at org.testng.TestNG.runSuites(TestNG.java:1063)
at org.testng.TestNG.run(TestNG.java:1031)
at org.testng.remote.AbstractRemoteTestNG.run(AbstractRemoteTestNG.java:115)
at org.testng.remote.RemoteTestNG.initAndRun(RemoteTestNG.java:251)
at org.testng.remote.RemoteTestNG.main(RemoteTestNG.java:77)
]]>
            </full-stacktrace>
          </exception> <!-- org.openqa.selenium.SessionNotCreatedException -->
          <reporter-output>
          </reporter-output>
        </test-method> <!-- configBC -->
        <test-method is-config="true" signature="configBM()[pri:0, instance:com.vtiger.comcast.leadtest.CreateLeadfullTest@6392827e]" started-at="2021-09-05T16:52:09 IST" name="configBM" finished-at="1970-01-01T05:30:00 IST" duration-ms="-1630840929579" status="SKIP">
          <reporter-output>
          </reporter-output>
        </test-method> <!-- configBM -->
        <test-method signature="createLead1Test()[pri:0, instance:com.vtiger.comcast.leadtest.CreateLeadfullTest@6392827e]" started-at="2021-09-05T16:52:09 IST" name="createLead1Test" finished-at="2021-09-05T16:52:09 IST" duration-ms="0" status="SKIP">
          <exception class="org.openqa.selenium.SessionNotCreatedException">
            <message>
              <![CDATA[session not created: This version of ChromeDriver only supports Chrome version 91
Current browser version is 93.0.4577.63 with binary path C:\Program Files (x86)\Google\Chrome\Application\chrome.exe
Build info: version: '3.141.59', revision: 'e82be7d358', time: '2018-11-14T08:17:03'
System info: host: 'NIKHIL', ip: '192.168.153.1', os.name: 'Windows 8.1', os.arch: 'amd64', os.version: '6.3', java.version: '15.0.2'
Driver info: driver.version: ChromeDriver
remote stacktrace: Backtrace:
Ordinal0 [0x00FB3733+2504499]
Ordinal0 [0x00F4C401+2081793]
Ordinal0 [0x00E52628+1058344]
Ordinal0 [0x00E7071A+1181466]
Ordinal0 [0x00E6C58C+1164684]
Ordinal0 [0x00E69DC3+1154499]
Ordinal0 [0x00E99B82+1350530]
Ordinal0 [0x00E997DA+1349594]
Ordinal0 [0x00E95D4B+1334603]
Ordinal0 [0x00E722B4+1188532]
Ordinal0 [0x00E73149+1192265]
GetHandleVerifier [0x0112FB8C+1512252]
GetHandleVerifier [0x011DB0DF+2214031]
GetHandleVerifier [0x01034BC3+484211]
GetHandleVerifier [0x01033E69+480793]
Ordinal0 [0x00F5218D+2105741]
Ordinal0 [0x00F566E8+2123496]
Ordinal0 [0x00F56827+2123815]
Ordinal0 [0x00F5FB73+2161523]
BaseThreadInitThunk [0x75966A14+36]
RtlInitializeExceptionChain [0x7768A9EF+143]
RtlInitializeExceptionChain [0x7768A9BA+90]
]]>
            </message>
            <full-stacktrace>
              <![CDATA[org.openqa.selenium.SessionNotCreatedException: session not created: This version of ChromeDriver only supports Chrome version 91
Current browser version is 93.0.4577.63 with binary path C:\Program Files (x86)\Google\Chrome\Application\chrome.exe
Build info: version: '3.141.59', revision: 'e82be7d358', time: '2018-11-14T08:17:03'
System info: host: 'NIKHIL', ip: '192.168.153.1', os.name: 'Windows 8.1', os.arch: 'amd64', os.version: '6.3', java.version: '15.0.2'
Driver info: driver.version: ChromeDriver
remote stacktrace: Backtrace:
Ordinal0 [0x00FB3733+2504499]
Ordinal0 [0x00F4C401+2081793]
Ordinal0 [0x00E52628+1058344]
Ordinal0 [0x00E7071A+1181466]
Ordinal0 [0x00E6C58C+1164684]
Ordinal0 [0x00E69DC3+1154499]
Ordinal0 [0x00E99B82+1350530]
Ordinal0 [0x00E997DA+1349594]
Ordinal0 [0x00E95D4B+1334603]
Ordinal0 [0x00E722B4+1188532]
Ordinal0 [0x00E73149+1192265]
GetHandleVerifier [0x0112FB8C+1512252]
GetHandleVerifier [0x011DB0DF+2214031]
GetHandleVerifier [0x01034BC3+484211]
GetHandleVerifier [0x01033E69+480793]
Ordinal0 [0x00F5218D+2105741]
Ordinal0 [0x00F566E8+2123496]
Ordinal0 [0x00F56827+2123815]
Ordinal0 [0x00F5FB73+2161523]
BaseThreadInitThunk [0x75966A14+36]
RtlInitializeExceptionChain [0x7768A9EF+143]
RtlInitializeExceptionChain [0x7768A9BA+90]

at java.base/jdk.internal.reflect.NativeConstructorAccessorImpl.newInstance0(Native Method)
at java.base/jdk.internal.reflect.NativeConstructorAccessorImpl.newInstance(NativeConstructorAccessorImpl.java:64)
at java.base/jdk.internal.reflect.DelegatingConstructorAccessorImpl.newInstance(DelegatingConstructorAccessorImpl.java:45)
at java.base/java.lang.reflect.Constructor.newInstanceWithCaller(Constructor.java:500)
at java.base/java.lang.reflect.Constructor.newInstance(Constructor.java:481)
at org.openqa.selenium.remote.W3CHandshakeResponse.lambda$errorHandler$0(W3CHandshakeResponse.java:62)
at org.openqa.selenium.remote.HandshakeResponse.lambda$getResponseFunction$0(HandshakeResponse.java:30)
at org.openqa.selenium.remote.ProtocolHandshake.lambda$createSession$0(ProtocolHandshake.java:126)
at java.base/java.util.stream.ReferencePipeline$3$1.accept(ReferencePipeline.java:195)
at java.base/java.util.Spliterators$ArraySpliterator.tryAdvance(Spliterators.java:958)
at java.base/java.util.stream.ReferencePipeline.forEachWithCancel(ReferencePipeline.java:127)
at java.base/java.util.stream.AbstractPipeline.copyIntoWithCancel(AbstractPipeline.java:502)
at java.base/java.util.stream.AbstractPipeline.copyInto(AbstractPipeline.java:488)
at java.base/java.util.stream.AbstractPipeline.wrapAndCopyInto(AbstractPipeline.java:474)
at java.base/java.util.stream.FindOps$FindOp.evaluateSequential(FindOps.java:150)
at java.base/java.util.stream.AbstractPipeline.evaluate(AbstractPipeline.java:234)
at java.base/java.util.stream.ReferencePipeline.findFirst(ReferencePipeline.java:543)
at org.openqa.selenium.remote.ProtocolHandshake.createSession(ProtocolHandshake.java:128)
at org.openqa.selenium.remote.ProtocolHandshake.createSession(ProtocolHandshake.java:74)
at org.openqa.selenium.remote.HttpCommandExecutor.execute(HttpCommandExecutor.java:136)
at org.openqa.selenium.remote.service.DriverCommandExecutor.execute(DriverCommandExecutor.java:83)
at org.openqa.selenium.remote.RemoteWebDriver.execute(RemoteWebDriver.java:552)
at org.openqa.selenium.remote.RemoteWebDriver.startSession(RemoteWebDriver.java:213)
at org.openqa.selenium.remote.RemoteWebDriver.<init>(RemoteWebDriver.java:131)
at org.openqa.selenium.chrome.ChromeDriver.<init>(ChromeDriver.java:181)
at org.openqa.selenium.chrome.ChromeDriver.<init>(ChromeDriver.java:168)
at org.openqa.selenium.chrome.ChromeDriver.<init>(ChromeDriver.java:123)
at com.vtiger.comcast.genericUtility.BaseClass.configBC(BaseClass.java:69)
at java.base/jdk.internal.reflect.NativeMethodAccessorImpl.invoke0(Native Method)
at java.base/jdk.internal.reflect.NativeMethodAccessorImpl.invoke(NativeMethodAccessorImpl.java:64)
at java.base/jdk.internal.reflect.DelegatingMethodAccessorImpl.invoke(DelegatingMethodAccessorImpl.java:43)
at java.base/java.lang.reflect.Method.invoke(Method.java:564)
at org.testng.internal.MethodInvocationHelper.invokeMethod(MethodInvocationHelper.java:133)
at org.testng.internal.MethodInvocationHelper.invokeMethodConsideringTimeout(MethodInvocationHelper.java:62)
at org.testng.internal.ConfigInvoker.invokeConfigurationMethod(ConfigInvoker.java:385)
at org.testng.internal.ConfigInvoker.invokeConfigurations(ConfigInvoker.java:321)
at org.testng.internal.TestMethodWorker.invokeBeforeClassMethods(TestMethodWorker.java:176)
at org.testng.internal.TestMethodWorker.run(TestMethodWorker.java:122)
at java.base/java.util.ArrayList.forEach(ArrayList.java:1511)
at org.testng.TestRunner.privateRun(TestRunner.java:794)
at org.testng.TestRunner.run(TestRunner.java:596)
at org.testng.SuiteRunner.runTest(SuiteRunner.java:377)
at org.testng.SuiteRunner.runSequentially(SuiteRunner.java:371)
at org.testng.SuiteRunner.privateRun(SuiteRunner.java:332)
at org.testng.SuiteRunner.run(SuiteRunner.java:276)
at org.testng.SuiteRunnerWorker.runSuite(SuiteRunnerWorker.java:53)
at org.testng.SuiteRunnerWorker.run(SuiteRunnerWorker.java:96)
at org.testng.TestNG.runSuitesSequentially(TestNG.java:1212)
at org.testng.TestNG.runSuitesLocally(TestNG.java:1134)
at org.testng.TestNG.runSuites(TestNG.java:1063)
at org.testng.TestNG.run(TestNG.java:1031)
at org.testng.remote.AbstractRemoteTestNG.run(AbstractRemoteTestNG.java:115)
at org.testng.remote.RemoteTestNG.initAndRun(RemoteTestNG.java:251)
at org.testng.remote.RemoteTestNG.main(RemoteTestNG.java:77)
]]>
            </full-stacktrace>
          </exception> <!-- org.openqa.selenium.SessionNotCreatedException -->
          <reporter-output>
          </reporter-output>
        </test-method> <!-- createLead1Test -->
        <test-method is-config="true" signature="configAM()[pri:0, instance:com.vtiger.comcast.leadtest.CreateLeadfullTest@6392827e]" started-at="2021-09-05T16:52:09 IST" name="configAM" finished-at="1970-01-01T05:30:00 IST" duration-ms="-1630840929628" status="SKIP">
          <reporter-output>
          </reporter-output>
        </test-method> <!-- configAM -->
        <test-method is-config="true" signature="configBM()[pri:0, instance:com.vtiger.comcast.leadtest.CreateLeadfullTest@6392827e]" started-at="2021-09-05T16:52:09 IST" name="configBM" finished-at="1970-01-01T05:30:00 IST" duration-ms="-1630840929654" status="SKIP">
          <reporter-output>
          </reporter-output>
        </test-method> <!-- configBM -->
        <test-method signature="createLead3Test()[pri:0, instance:com.vtiger.comcast.leadtest.CreateLeadfullTest@6392827e]" started-at="2021-09-05T16:52:09 IST" name="createLead3Test" finished-at="2021-09-05T16:52:09 IST" duration-ms="0" status="SKIP">
          <exception class="org.openqa.selenium.SessionNotCreatedException">
            <message>
              <![CDATA[session not created: This version of ChromeDriver only supports Chrome version 91
Current browser version is 93.0.4577.63 with binary path C:\Program Files (x86)\Google\Chrome\Application\chrome.exe
Build info: version: '3.141.59', revision: 'e82be7d358', time: '2018-11-14T08:17:03'
System info: host: 'NIKHIL', ip: '192.168.153.1', os.name: 'Windows 8.1', os.arch: 'amd64', os.version: '6.3', java.version: '15.0.2'
Driver info: driver.version: ChromeDriver
remote stacktrace: Backtrace:
Ordinal0 [0x00FB3733+2504499]
Ordinal0 [0x00F4C401+2081793]
Ordinal0 [0x00E52628+1058344]
Ordinal0 [0x00E7071A+1181466]
Ordinal0 [0x00E6C58C+1164684]
Ordinal0 [0x00E69DC3+1154499]
Ordinal0 [0x00E99B82+1350530]
Ordinal0 [0x00E997DA+1349594]
Ordinal0 [0x00E95D4B+1334603]
Ordinal0 [0x00E722B4+1188532]
Ordinal0 [0x00E73149+1192265]
GetHandleVerifier [0x0112FB8C+1512252]
GetHandleVerifier [0x011DB0DF+2214031]
GetHandleVerifier [0x01034BC3+484211]
GetHandleVerifier [0x01033E69+480793]
Ordinal0 [0x00F5218D+2105741]
Ordinal0 [0x00F566E8+2123496]
Ordinal0 [0x00F56827+2123815]
Ordinal0 [0x00F5FB73+2161523]
BaseThreadInitThunk [0x75966A14+36]
RtlInitializeExceptionChain [0x7768A9EF+143]
RtlInitializeExceptionChain [0x7768A9BA+90]
]]>
            </message>
            <full-stacktrace>
              <![CDATA[org.openqa.selenium.SessionNotCreatedException: session not created: This version of ChromeDriver only supports Chrome version 91
Current browser version is 93.0.4577.63 with binary path C:\Program Files (x86)\Google\Chrome\Application\chrome.exe
Build info: version: '3.141.59', revision: 'e82be7d358', time: '2018-11-14T08:17:03'
System info: host: 'NIKHIL', ip: '192.168.153.1', os.name: 'Windows 8.1', os.arch: 'amd64', os.version: '6.3', java.version: '15.0.2'
Driver info: driver.version: ChromeDriver
remote stacktrace: Backtrace:
Ordinal0 [0x00FB3733+2504499]
Ordinal0 [0x00F4C401+2081793]
Ordinal0 [0x00E52628+1058344]
Ordinal0 [0x00E7071A+1181466]
Ordinal0 [0x00E6C58C+1164684]
Ordinal0 [0x00E69DC3+1154499]
Ordinal0 [0x00E99B82+1350530]
Ordinal0 [0x00E997DA+1349594]
Ordinal0 [0x00E95D4B+1334603]
Ordinal0 [0x00E722B4+1188532]
Ordinal0 [0x00E73149+1192265]
GetHandleVerifier [0x0112FB8C+1512252]
GetHandleVerifier [0x011DB0DF+2214031]
GetHandleVerifier [0x01034BC3+484211]
GetHandleVerifier [0x01033E69+480793]
Ordinal0 [0x00F5218D+2105741]
Ordinal0 [0x00F566E8+2123496]
Ordinal0 [0x00F56827+2123815]
Ordinal0 [0x00F5FB73+2161523]
BaseThreadInitThunk [0x75966A14+36]
RtlInitializeExceptionChain [0x7768A9EF+143]
RtlInitializeExceptionChain [0x7768A9BA+90]

at java.base/jdk.internal.reflect.NativeConstructorAccessorImpl.newInstance0(Native Method)
at java.base/jdk.internal.reflect.NativeConstructorAccessorImpl.newInstance(NativeConstructorAccessorImpl.java:64)
at java.base/jdk.internal.reflect.DelegatingConstructorAccessorImpl.newInstance(DelegatingConstructorAccessorImpl.java:45)
at java.base/java.lang.reflect.Constructor.newInstanceWithCaller(Constructor.java:500)
at java.base/java.lang.reflect.Constructor.newInstance(Constructor.java:481)
at org.openqa.selenium.remote.W3CHandshakeResponse.lambda$errorHandler$0(W3CHandshakeResponse.java:62)
at org.openqa.selenium.remote.HandshakeResponse.lambda$getResponseFunction$0(HandshakeResponse.java:30)
at org.openqa.selenium.remote.ProtocolHandshake.lambda$createSession$0(ProtocolHandshake.java:126)
at java.base/java.util.stream.ReferencePipeline$3$1.accept(ReferencePipeline.java:195)
at java.base/java.util.Spliterators$ArraySpliterator.tryAdvance(Spliterators.java:958)
at java.base/java.util.stream.ReferencePipeline.forEachWithCancel(ReferencePipeline.java:127)
at java.base/java.util.stream.AbstractPipeline.copyIntoWithCancel(AbstractPipeline.java:502)
at java.base/java.util.stream.AbstractPipeline.copyInto(AbstractPipeline.java:488)
at java.base/java.util.stream.AbstractPipeline.wrapAndCopyInto(AbstractPipeline.java:474)
at java.base/java.util.stream.FindOps$FindOp.evaluateSequential(FindOps.java:150)
at java.base/java.util.stream.AbstractPipeline.evaluate(AbstractPipeline.java:234)
at java.base/java.util.stream.ReferencePipeline.findFirst(ReferencePipeline.java:543)
at org.openqa.selenium.remote.ProtocolHandshake.createSession(ProtocolHandshake.java:128)
at org.openqa.selenium.remote.ProtocolHandshake.createSession(ProtocolHandshake.java:74)
at org.openqa.selenium.remote.HttpCommandExecutor.execute(HttpCommandExecutor.java:136)
at org.openqa.selenium.remote.service.DriverCommandExecutor.execute(DriverCommandExecutor.java:83)
at org.openqa.selenium.remote.RemoteWebDriver.execute(RemoteWebDriver.java:552)
at org.openqa.selenium.remote.RemoteWebDriver.startSession(RemoteWebDriver.java:213)
at org.openqa.selenium.remote.RemoteWebDriver.<init>(RemoteWebDriver.java:131)
at org.openqa.selenium.chrome.ChromeDriver.<init>(ChromeDriver.java:181)
at org.openqa.selenium.chrome.ChromeDriver.<init>(ChromeDriver.java:168)
at org.openqa.selenium.chrome.ChromeDriver.<init>(ChromeDriver.java:123)
at com.vtiger.comcast.genericUtility.BaseClass.configBC(BaseClass.java:69)
at java.base/jdk.internal.reflect.NativeMethodAccessorImpl.invoke0(Native Method)
at java.base/jdk.internal.reflect.NativeMethodAccessorImpl.invoke(NativeMethodAccessorImpl.java:64)
at java.base/jdk.internal.reflect.DelegatingMethodAccessorImpl.invoke(DelegatingMethodAccessorImpl.java:43)
at java.base/java.lang.reflect.Method.invoke(Method.java:564)
at org.testng.internal.MethodInvocationHelper.invokeMethod(MethodInvocationHelper.java:133)
at org.testng.internal.MethodInvocationHelper.invokeMethodConsideringTimeout(MethodInvocationHelper.java:62)
at org.testng.internal.ConfigInvoker.invokeConfigurationMethod(ConfigInvoker.java:385)
at org.testng.internal.ConfigInvoker.invokeConfigurations(ConfigInvoker.java:321)
at org.testng.internal.TestMethodWorker.invokeBeforeClassMethods(TestMethodWorker.java:176)
at org.testng.internal.TestMethodWorker.run(TestMethodWorker.java:122)
at java.base/java.util.ArrayList.forEach(ArrayList.java:1511)
at org.testng.TestRunner.privateRun(TestRunner.java:794)
at org.testng.TestRunner.run(TestRunner.java:596)
at org.testng.SuiteRunner.runTest(SuiteRunner.java:377)
at org.testng.SuiteRunner.runSequentially(SuiteRunner.java:371)
at org.testng.SuiteRunner.privateRun(SuiteRunner.java:332)
at org.testng.SuiteRunner.run(SuiteRunner.java:276)
at org.testng.SuiteRunnerWorker.runSuite(SuiteRunnerWorker.java:53)
at org.testng.SuiteRunnerWorker.run(SuiteRunnerWorker.java:96)
at org.testng.TestNG.runSuitesSequentially(TestNG.java:1212)
at org.testng.TestNG.runSuitesLocally(TestNG.java:1134)
at org.testng.TestNG.runSuites(TestNG.java:1063)
at org.testng.TestNG.run(TestNG.java:1031)
at org.testng.remote.AbstractRemoteTestNG.run(AbstractRemoteTestNG.java:115)
at org.testng.remote.RemoteTestNG.initAndRun(RemoteTestNG.java:251)
at org.testng.remote.RemoteTestNG.main(RemoteTestNG.java:77)
]]>
            </full-stacktrace>
          </exception> <!-- org.openqa.selenium.SessionNotCreatedException -->
          <reporter-output>
          </reporter-output>
        </test-method> <!-- createLead3Test -->
        <test-method is-config="true" signature="configAM()[pri:0, instance:com.vtiger.comcast.leadtest.CreateLeadfullTest@6392827e]" started-at="2021-09-05T16:52:09 IST" name="configAM" finished-at="1970-01-01T05:30:00 IST" duration-ms="-1630840929725" status="SKIP">
          <reporter-output>
          </reporter-output>
        </test-method> <!-- configAM -->
        <test-method is-config="true" signature="configBM()[pri:0, instance:com.vtiger.comcast.leadtest.CreateLeadfullTest@6392827e]" started-at="2021-09-05T16:52:09 IST" name="configBM" finished-at="1970-01-01T05:30:00 IST" duration-ms="-1630840929738" status="SKIP">
          <reporter-output>
          </reporter-output>
        </test-method> <!-- configBM -->
        <test-method signature="createLeadwithInalid2Test()[pri:0, instance:com.vtiger.comcast.leadtest.CreateLeadfullTest@6392827e]" started-at="2021-09-05T16:52:09 IST" name="createLeadwithInalid2Test" finished-at="2021-09-05T16:52:09 IST" duration-ms="0" status="SKIP">
          <exception class="org.openqa.selenium.SessionNotCreatedException">
            <message>
              <![CDATA[session not created: This version of ChromeDriver only supports Chrome version 91
Current browser version is 93.0.4577.63 with binary path C:\Program Files (x86)\Google\Chrome\Application\chrome.exe
Build info: version: '3.141.59', revision: 'e82be7d358', time: '2018-11-14T08:17:03'
System info: host: 'NIKHIL', ip: '192.168.153.1', os.name: 'Windows 8.1', os.arch: 'amd64', os.version: '6.3', java.version: '15.0.2'
Driver info: driver.version: ChromeDriver
remote stacktrace: Backtrace:
Ordinal0 [0x00FB3733+2504499]
Ordinal0 [0x00F4C401+2081793]
Ordinal0 [0x00E52628+1058344]
Ordinal0 [0x00E7071A+1181466]
Ordinal0 [0x00E6C58C+1164684]
Ordinal0 [0x00E69DC3+1154499]
Ordinal0 [0x00E99B82+1350530]
Ordinal0 [0x00E997DA+1349594]
Ordinal0 [0x00E95D4B+1334603]
Ordinal0 [0x00E722B4+1188532]
Ordinal0 [0x00E73149+1192265]
GetHandleVerifier [0x0112FB8C+1512252]
GetHandleVerifier [0x011DB0DF+2214031]
GetHandleVerifier [0x01034BC3+484211]
GetHandleVerifier [0x01033E69+480793]
Ordinal0 [0x00F5218D+2105741]
Ordinal0 [0x00F566E8+2123496]
Ordinal0 [0x00F56827+2123815]
Ordinal0 [0x00F5FB73+2161523]
BaseThreadInitThunk [0x75966A14+36]
RtlInitializeExceptionChain [0x7768A9EF+143]
RtlInitializeExceptionChain [0x7768A9BA+90]
]]>
            </message>
            <full-stacktrace>
              <![CDATA[org.openqa.selenium.SessionNotCreatedException: session not created: This version of ChromeDriver only supports Chrome version 91
Current browser version is 93.0.4577.63 with binary path C:\Program Files (x86)\Google\Chrome\Application\chrome.exe
Build info: version: '3.141.59', revision: 'e82be7d358', time: '2018-11-14T08:17:03'
System info: host: 'NIKHIL', ip: '192.168.153.1', os.name: 'Windows 8.1', os.arch: 'amd64', os.version: '6.3', java.version: '15.0.2'
Driver info: driver.version: ChromeDriver
remote stacktrace: Backtrace:
Ordinal0 [0x00FB3733+2504499]
Ordinal0 [0x00F4C401+2081793]
Ordinal0 [0x00E52628+1058344]
Ordinal0 [0x00E7071A+1181466]
Ordinal0 [0x00E6C58C+1164684]
Ordinal0 [0x00E69DC3+1154499]
Ordinal0 [0x00E99B82+1350530]
Ordinal0 [0x00E997DA+1349594]
Ordinal0 [0x00E95D4B+1334603]
Ordinal0 [0x00E722B4+1188532]
Ordinal0 [0x00E73149+1192265]
GetHandleVerifier [0x0112FB8C+1512252]
GetHandleVerifier [0x011DB0DF+2214031]
GetHandleVerifier [0x01034BC3+484211]
GetHandleVerifier [0x01033E69+480793]
Ordinal0 [0x00F5218D+2105741]
Ordinal0 [0x00F566E8+2123496]
Ordinal0 [0x00F56827+2123815]
Ordinal0 [0x00F5FB73+2161523]
BaseThreadInitThunk [0x75966A14+36]
RtlInitializeExceptionChain [0x7768A9EF+143]
RtlInitializeExceptionChain [0x7768A9BA+90]

at java.base/jdk.internal.reflect.NativeConstructorAccessorImpl.newInstance0(Native Method)
at java.base/jdk.internal.reflect.NativeConstructorAccessorImpl.newInstance(NativeConstructorAccessorImpl.java:64)
at java.base/jdk.internal.reflect.DelegatingConstructorAccessorImpl.newInstance(DelegatingConstructorAccessorImpl.java:45)
at java.base/java.lang.reflect.Constructor.newInstanceWithCaller(Constructor.java:500)
at java.base/java.lang.reflect.Constructor.newInstance(Constructor.java:481)
at org.openqa.selenium.remote.W3CHandshakeResponse.lambda$errorHandler$0(W3CHandshakeResponse.java:62)
at org.openqa.selenium.remote.HandshakeResponse.lambda$getResponseFunction$0(HandshakeResponse.java:30)
at org.openqa.selenium.remote.ProtocolHandshake.lambda$createSession$0(ProtocolHandshake.java:126)
at java.base/java.util.stream.ReferencePipeline$3$1.accept(ReferencePipeline.java:195)
at java.base/java.util.Spliterators$ArraySpliterator.tryAdvance(Spliterators.java:958)
at java.base/java.util.stream.ReferencePipeline.forEachWithCancel(ReferencePipeline.java:127)
at java.base/java.util.stream.AbstractPipeline.copyIntoWithCancel(AbstractPipeline.java:502)
at java.base/java.util.stream.AbstractPipeline.copyInto(AbstractPipeline.java:488)
at java.base/java.util.stream.AbstractPipeline.wrapAndCopyInto(AbstractPipeline.java:474)
at java.base/java.util.stream.FindOps$FindOp.evaluateSequential(FindOps.java:150)
at java.base/java.util.stream.AbstractPipeline.evaluate(AbstractPipeline.java:234)
at java.base/java.util.stream.ReferencePipeline.findFirst(ReferencePipeline.java:543)
at org.openqa.selenium.remote.ProtocolHandshake.createSession(ProtocolHandshake.java:128)
at org.openqa.selenium.remote.ProtocolHandshake.createSession(ProtocolHandshake.java:74)
at org.openqa.selenium.remote.HttpCommandExecutor.execute(HttpCommandExecutor.java:136)
at org.openqa.selenium.remote.service.DriverCommandExecutor.execute(DriverCommandExecutor.java:83)
at org.openqa.selenium.remote.RemoteWebDriver.execute(RemoteWebDriver.java:552)
at org.openqa.selenium.remote.RemoteWebDriver.startSession(RemoteWebDriver.java:213)
at org.openqa.selenium.remote.RemoteWebDriver.<init>(RemoteWebDriver.java:131)
at org.openqa.selenium.chrome.ChromeDriver.<init>(ChromeDriver.java:181)
at org.openqa.selenium.chrome.ChromeDriver.<init>(ChromeDriver.java:168)
at org.openqa.selenium.chrome.ChromeDriver.<init>(ChromeDriver.java:123)
at com.vtiger.comcast.genericUtility.BaseClass.configBC(BaseClass.java:69)
at java.base/jdk.internal.reflect.NativeMethodAccessorImpl.invoke0(Native Method)
at java.base/jdk.internal.reflect.NativeMethodAccessorImpl.invoke(NativeMethodAccessorImpl.java:64)
at java.base/jdk.internal.reflect.DelegatingMethodAccessorImpl.invoke(DelegatingMethodAccessorImpl.java:43)
at java.base/java.lang.reflect.Method.invoke(Method.java:564)
at org.testng.internal.MethodInvocationHelper.invokeMethod(MethodInvocationHelper.java:133)
at org.testng.internal.MethodInvocationHelper.invokeMethodConsideringTimeout(MethodInvocationHelper.java:62)
at org.testng.internal.ConfigInvoker.invokeConfigurationMethod(ConfigInvoker.java:385)
at org.testng.internal.ConfigInvoker.invokeConfigurations(ConfigInvoker.java:321)
at org.testng.internal.TestMethodWorker.invokeBeforeClassMethods(TestMethodWorker.java:176)
at org.testng.internal.TestMethodWorker.run(TestMethodWorker.java:122)
at java.base/java.util.ArrayList.forEach(ArrayList.java:1511)
at org.testng.TestRunner.privateRun(TestRunner.java:794)
at org.testng.TestRunner.run(TestRunner.java:596)
at org.testng.SuiteRunner.runTest(SuiteRunner.java:377)
at org.testng.SuiteRunner.runSequentially(SuiteRunner.java:371)
at org.testng.SuiteRunner.privateRun(SuiteRunner.java:332)
at org.testng.SuiteRunner.run(SuiteRunner.java:276)
at org.testng.SuiteRunnerWorker.runSuite(SuiteRunnerWorker.java:53)
at org.testng.SuiteRunnerWorker.run(SuiteRunnerWorker.java:96)
at org.testng.TestNG.runSuitesSequentially(TestNG.java:1212)
at org.testng.TestNG.runSuitesLocally(TestNG.java:1134)
at org.testng.TestNG.runSuites(TestNG.java:1063)
at org.testng.TestNG.run(TestNG.java:1031)
at org.testng.remote.AbstractRemoteTestNG.run(AbstractRemoteTestNG.java:115)
at org.testng.remote.RemoteTestNG.initAndRun(RemoteTestNG.java:251)
at org.testng.remote.RemoteTestNG.main(RemoteTestNG.java:77)
]]>
            </full-stacktrace>
          </exception> <!-- org.openqa.selenium.SessionNotCreatedException -->
          <reporter-output>
          </reporter-output>
        </test-method> <!-- createLeadwithInalid2Test -->
        <test-method is-config="true" signature="configAM()[pri:0, instance:com.vtiger.comcast.leadtest.CreateLeadfullTest@6392827e]" started-at="2021-09-05T16:52:09 IST" name="configAM" finished-at="1970-01-01T05:30:00 IST" duration-ms="-1630840929798" status="SKIP">
          <reporter-output>
          </reporter-output>
        </test-method> <!-- configAM -->
        <test-method is-config="true" signature="configAC()[pri:0, instance:com.vtiger.comcast.leadtest.CreateLeadfullTest@6392827e]" started-at="2021-09-05T16:52:09 IST" name="configAC" finished-at="1970-01-01T05:30:00 IST" duration-ms="-1630840929808" status="SKIP">
          <reporter-output>
          </reporter-output>
        </test-method> <!-- configAC -->
        <test-method is-config="true" signature="configAS()[pri:0, instance:com.vtiger.comcast.leadtest.CreateLeadfullTest@6392827e]" started-at="2021-09-05T16:52:10 IST" name="configAS" finished-at="2021-09-05T16:52:10 IST" duration-ms="2" status="PASS">
          <reporter-output>
          </reporter-output>
        </test-method> <!-- configAS -->
      </class> <!-- com.vtiger.comcast.leadtest.CreateLeadfullTest -->
    </test> <!-- Default test -->
  </suite> <!-- Default suite -->
</testng-results>
